
=== Wed Dec  4 18:03:48 2024

Packages were changed.
Update Mode: updateDependencies

The following packages were added:
  com.unity.2d.sprite@1.0.0
  com.unity.2d.tilemap@1.0.0
  com.unity.collab-proxy@2.5.2
  com.unity.ide.rider@3.0.31
  com.unity.ide.visualstudio@2.0.22
  com.unity.modules.androidjni@1.0.0
  com.unity.test-framework@1.4.5
  com.unity.timeline@1.8.7
  com.unity.ugui@2.0.0
  com.unity.xr.legacyinputhelpers@2.1.11
  com.unity.ai.navigation@2.0.4
  com.unity.modules.accessibility@1.0.0
  com.unity.multiplayer.center@1.0.0
The following packages were updated:
  com.unity.ads from version 2.0.8 to 4.4.2
  com.unity.analytics from version 2.0.16 to 3.8.1
  com.unity.purchasing from version 2.0.3 to 4.12.2
The following packages were removed:
  com.unity.package-manager-ui@1.9.11
  com.unity.textmeshpro@1.2.4

=== Mon Dec  9 18:11:53 2024

Packages were changed.
Update Mode: updateDependencies

The following packages were updated:
  com.unity.ai.navigation from version 2.0.4 to 2.0.5

=== Mon Dec  9 18:32:04 2024

Packages were changed.
Update Mode: updateDependencies

The following packages were updated:
  com.unity.postprocessing from version 3.2.2 to 3.4.0
  com.unity.ugui from version 1.0.0 to 2.0.0

=== Mon Dec  9 18:32:04 2024

Packages were changed.
Update Mode: mergeDefaultDependencies

The following packages were added:
  com.unity.postprocessing@3.4.0
  com.unity.progrids@3.0.3-preview.6

=== Mon Dec  9 18:34:26 2024

Packages were changed.
Update Mode: updateDependencies

The following packages were updated:
  com.unity.postprocessing from version 3.2.2 to 3.4.0
  com.unity.ugui from version 1.0.0 to 2.0.0
